<?xml version="1.0" encoding="UTF-8"?>
<robot generator="Robot 5.0.1 (Python 3.10.7 on win32)" generated="20221009 17:03:14.315" rpa="false" schemaversion="3">
<suite id="s1" name="User Registration Verification" source="C:\Users\banual\Desktop\Signant_Health_Assignment\TestCases_Folder\user_registration_verification.robot">
<test id="s1-t1" name="Register User In Demo App" line="7">
<kw name="Launch Demo App" library="commonkeywords">
<kw name="Get Driver Path With Browser" library="getdriverpath">
<var>${driver_path}</var>
<arg>${browser_name}</arg>
<msg timestamp="20221009 17:03:14.642" level="INFO">====== WebDriver manager ======</msg>
<msg timestamp="20221009 17:03:15.523" level="INFO">Get LATEST chromedriver version for google-chrome 106.0.5249</msg>
<msg timestamp="20221009 17:03:16.596" level="INFO">Driver [C:\Users\banual\.wdm\drivers\chromedriver\win32\106.0.5249\chromedriver.exe] found in cache</msg>
<msg timestamp="20221009 17:03:16.597" level="INFO">C:\Users\banual\.wdm\drivers\chromedriver\win32\106.0.5249\chromedriver.exe</msg>
<msg timestamp="20221009 17:03:16.597" level="INFO">${driver_path} = C:\Users\banual\.wdm\drivers\chromedriver\win32\106.0.5249\chromedriver.exe</msg>
<status status="PASS" starttime="20221009 17:03:14.642" endtime="20221009 17:03:16.597"/>
</kw>
<kw name="Create Webdriver" library="SeleniumLibrary">
<arg>${browser_name}</arg>
<arg>executable_path=${driver_path}</arg>
<doc>Creates an instance of Selenium WebDriver.</doc>
<msg timestamp="20221009 17:03:16.598" level="INFO">Creating an instance of the Chrome WebDriver.</msg>
<status status="PASS" starttime="20221009 17:03:16.597" endtime="20221009 17:03:17.981"/>
</kw>
<kw name="Go To" library="SeleniumLibrary">
<arg>${server_url}</arg>
<doc>Navigates the current browser window to the provided ``url``.</doc>
<msg timestamp="20221009 17:03:17.981" level="INFO">Opening url 'http://127.0.0.1:8080/'</msg>
<status status="PASS" starttime="20221009 17:03:17.981" endtime="20221009 17:03:18.292"/>
</kw>
<status status="PASS" starttime="20221009 17:03:14.641" endtime="20221009 17:03:18.292"/>
</kw>
<kw name="Verify Demo app Is Launced" library="Login_keywords">
<kw name="Wait Until Keyword Succeeds" library="BuiltIn">
<arg>4x</arg>
<arg>3</arg>
<arg>Element Should Be Visible</arg>
<arg>//a[contains(text(),'Demo app')]</arg>
<doc>Runs the specified keyword and retries if it fails.</doc>
<kw name="Element Should Be Visible" library="SeleniumLibrary">
<arg>//a[contains(text(),'Demo app')]</arg>
<doc>Verifies that the element identified by ``locator`` is visible.</doc>
<msg timestamp="20221009 17:03:18.367" level="INFO">Element '//a[contains(text(),'Demo app')]' is displayed.</msg>
<status status="PASS" starttime="20221009 17:03:18.298" endtime="20221009 17:03:18.367"/>
</kw>
<status status="PASS" starttime="20221009 17:03:18.297" endtime="20221009 17:03:18.367"/>
</kw>
<status status="PASS" starttime="20221009 17:03:18.295" endtime="20221009 17:03:18.368"/>
</kw>
<kw name="Generate userdetails" library="commonkeywords">
<kw name="Generate Random String" library="String">
<var>${username}</var>
<doc>Generates a string with a desired ``length`` from the given ``chars``.</doc>
<msg timestamp="20221009 17:03:18.368" level="INFO">${username} = FChyXohX</msg>
<status status="PASS" starttime="20221009 17:03:18.368" endtime="20221009 17:03:18.368"/>
</kw>
<kw name="Generate Random String" library="String">
<var>${password}</var>
<doc>Generates a string with a desired ``length`` from the given ``chars``.</doc>
<msg timestamp="20221009 17:03:18.368" level="INFO">${password} = vMHm0N7r</msg>
<status status="PASS" starttime="20221009 17:03:18.368" endtime="20221009 17:03:18.368"/>
</kw>
<kw name="Generate Random String" library="String">
<var>${firstname}</var>
<doc>Generates a string with a desired ``length`` from the given ``chars``.</doc>
<msg timestamp="20221009 17:03:18.368" level="INFO">${firstname} = w4hUWejl</msg>
<status status="PASS" starttime="20221009 17:03:18.368" endtime="20221009 17:03:18.368"/>
</kw>
<kw name="Generate Random String" library="String">
<var>${lastname}</var>
<doc>Generates a string with a desired ``length`` from the given ``chars``.</doc>
<msg timestamp="20221009 17:03:18.373" level="INFO">${lastname} = ubifVj7T</msg>
<status status="PASS" starttime="20221009 17:03:18.368" endtime="20221009 17:03:18.373"/>
</kw>
<kw name="Generate Random String" library="String">
<var>${phone}</var>
<arg>10</arg>
<arg>[NUMBERS]</arg>
<doc>Generates a string with a desired ``length`` from the given ``chars``.</doc>
<msg timestamp="20221009 17:03:18.373" level="INFO">${phone} = 9322864964</msg>
<status status="PASS" starttime="20221009 17:03:18.373" endtime="20221009 17:03:18.373"/>
</kw>
<kw name="Set Suite Variable" library="BuiltIn">
<arg>${username}</arg>
<doc>Makes a variable available everywhere within the scope of the current suite.</doc>
<msg timestamp="20221009 17:03:18.374" level="INFO">${username} = FChyXohX</msg>
<status status="PASS" starttime="20221009 17:03:18.373" endtime="20221009 17:03:18.374"/>
</kw>
<kw name="Set Suite Variable" library="BuiltIn">
<arg>${password}</arg>
<doc>Makes a variable available everywhere within the scope of the current suite.</doc>
<msg timestamp="20221009 17:03:18.375" level="INFO">${password} = vMHm0N7r</msg>
<status status="PASS" starttime="20221009 17:03:18.375" endtime="20221009 17:03:18.375"/>
</kw>
<kw name="Set Suite Variable" library="BuiltIn">
<arg>${firstname}</arg>
<doc>Makes a variable available everywhere within the scope of the current suite.</doc>
<msg timestamp="20221009 17:03:18.375" level="INFO">${firstname} = w4hUWejl</msg>
<status status="PASS" starttime="20221009 17:03:18.375" endtime="20221009 17:03:18.375"/>
</kw>
<kw name="Set Suite Variable" library="BuiltIn">
<arg>${lastname}</arg>
<doc>Makes a variable available everywhere within the scope of the current suite.</doc>
<msg timestamp="20221009 17:03:18.375" level="INFO">${lastname} = ubifVj7T</msg>
<status status="PASS" starttime="20221009 17:03:18.375" endtime="20221009 17:03:18.375"/>
</kw>
<kw name="Set Suite Variable" library="BuiltIn">
<arg>${phone}</arg>
<doc>Makes a variable available everywhere within the scope of the current suite.</doc>
<msg timestamp="20221009 17:03:18.380" level="INFO">${phone} = 9322864964</msg>
<status status="PASS" starttime="20221009 17:03:18.380" endtime="20221009 17:03:18.380"/>
</kw>
<status status="PASS" starttime="20221009 17:03:18.368" endtime="20221009 17:03:18.380"/>
</kw>
<kw name="Clicking Register Link" library="Register_keywords">
<kw name="Click Link" library="SeleniumLibrary">
<arg>Register</arg>
<doc>Clicks a link identified by ``locator``.</doc>
<msg timestamp="20221009 17:03:18.380" level="INFO">Clicking link 'Register'.</msg>
<status status="PASS" starttime="20221009 17:03:18.380" endtime="20221009 17:03:18.574"/>
</kw>
<status status="PASS" starttime="20221009 17:03:18.380" endtime="20221009 17:03:18.575"/>
</kw>
<kw name="Verify Register Page Is Open" library="Register_keywords">
<kw name="Wait Until Keyword Succeeds" library="BuiltIn">
<arg>4x</arg>
<arg>3</arg>
<arg>Element Should Be Visible</arg>
<arg>//h1[contains(text(),'Register')]</arg>
<doc>Runs the specified keyword and retries if it fails.</doc>
<kw name="Element Should Be Visible" library="SeleniumLibrary">
<arg>//h1[contains(text(),'Register')]</arg>
<doc>Verifies that the element identified by ``locator`` is visible.</doc>
<msg timestamp="20221009 17:03:18.610" level="INFO">Element '//h1[contains(text(),'Register')]' is displayed.</msg>
<status status="PASS" starttime="20221009 17:03:18.578" endtime="20221009 17:03:18.611"/>
</kw>
<status status="PASS" starttime="20221009 17:03:18.577" endtime="20221009 17:03:18.611"/>
</kw>
<status status="PASS" starttime="20221009 17:03:18.576" endtime="20221009 17:03:18.611"/>
</kw>
<kw name="Input UserName" library="Login_keywords">
<kw name="Wait Until Keyword Succeeds" library="BuiltIn">
<arg>4x</arg>
<arg>3</arg>
<arg>Input Text</arg>
<arg>${username_loc}</arg>
<arg>${username}</arg>
<doc>Runs the specified keyword and retries if it fails.</doc>
<kw name="Input Text" library="SeleniumLibrary">
<arg>${username_loc}</arg>
<arg>${username}</arg>
<doc>Types the given ``text`` into the text field identified by ``locator``.</doc>
<msg timestamp="20221009 17:03:18.613" level="INFO">Typing text 'FChyXohX' into text field '//input[@name="username"]'.</msg>
<status status="PASS" starttime="20221009 17:03:18.613" endtime="20221009 17:03:18.704"/>
</kw>
<status status="PASS" starttime="20221009 17:03:18.612" endtime="20221009 17:03:18.705"/>
</kw>
<status status="PASS" starttime="20221009 17:03:18.612" endtime="20221009 17:03:18.705"/>
</kw>
<kw name="Input Password" library="Login_keywords">
<kw name="Wait Until Keyword Succeeds" library="BuiltIn">
<arg>4x</arg>
<arg>3</arg>
<arg>Input Text</arg>
<arg>${password_loc}</arg>
<arg>${password}</arg>
<doc>Runs the specified keyword and retries if it fails.</doc>
<kw name="Input Text" library="SeleniumLibrary">
<arg>${password_loc}</arg>
<arg>${password}</arg>
<doc>Types the given ``text`` into the text field identified by ``locator``.</doc>
<msg timestamp="20221009 17:03:18.706" level="INFO">Typing text 'vMHm0N7r' into text field '//input[@name="password"]'.</msg>
<status status="PASS" starttime="20221009 17:03:18.706" endtime="20221009 17:03:18.796"/>
</kw>
<status status="PASS" starttime="20221009 17:03:18.706" endtime="20221009 17:03:18.796"/>
</kw>
<status status="PASS" starttime="20221009 17:03:18.705" endtime="20221009 17:03:18.796"/>
</kw>
<kw name="Input FirstName" library="Register_keywords">
<kw name="Wait Until Keyword Succeeds" library="BuiltIn">
<arg>4x</arg>
<arg>3</arg>
<arg>Input Text</arg>
<arg>${firstname_loc}</arg>
<arg>${firstname}</arg>
<doc>Runs the specified keyword and retries if it fails.</doc>
<kw name="Input Text" library="SeleniumLibrary">
<arg>${firstname_loc}</arg>
<arg>${firstname}</arg>
<doc>Types the given ``text`` into the text field identified by ``locator``.</doc>
<msg timestamp="20221009 17:03:18.798" level="INFO">Typing text 'w4hUWejl' into text field '//input[@name="firstname"]'.</msg>
<status status="PASS" starttime="20221009 17:03:18.797" endtime="20221009 17:03:18.884"/>
</kw>
<status status="PASS" starttime="20221009 17:03:18.797" endtime="20221009 17:03:18.884"/>
</kw>
<status status="PASS" starttime="20221009 17:03:18.797" endtime="20221009 17:03:18.884"/>
</kw>
<kw name="Input FamilyName" library="Register_keywords">
<kw name="Wait Until Keyword Succeeds" library="BuiltIn">
<arg>4x</arg>
<arg>3</arg>
<arg>Input Text</arg>
<arg>${lastname_loc}</arg>
<arg>${lastname}</arg>
<doc>Runs the specified keyword and retries if it fails.</doc>
<kw name="Input Text" library="SeleniumLibrary">
<arg>${lastname_loc}</arg>
<arg>${lastname}</arg>
<doc>Types the given ``text`` into the text field identified by ``locator``.</doc>
<msg timestamp="20221009 17:03:18.886" level="INFO">Typing text 'ubifVj7T' into text field '//input[@name="lastname"]'.</msg>
<status status="PASS" starttime="20221009 17:03:18.885" endtime="20221009 17:03:18.969"/>
</kw>
<status status="PASS" starttime="20221009 17:03:18.885" endtime="20221009 17:03:18.969"/>
</kw>
<status status="PASS" starttime="20221009 17:03:18.885" endtime="20221009 17:03:18.970"/>
</kw>
<kw name="Input Phone" library="Register_keywords">
<kw name="Wait Until Keyword Succeeds" library="BuiltIn">
<arg>4x</arg>
<arg>3</arg>
<arg>Input Text</arg>
<arg>${phone_loc}</arg>
<arg>${phone}</arg>
<doc>Runs the specified keyword and retries if it fails.</doc>
<kw name="Input Text" library="SeleniumLibrary">
<arg>${phone_loc}</arg>
<arg>${phone}</arg>
<doc>Types the given ``text`` into the text field identified by ``locator``.</doc>
<msg timestamp="20221009 17:03:18.971" level="INFO">Typing text '9322864964' into text field '//input[@name="phone"]'.</msg>
<status status="PASS" starttime="20221009 17:03:18.971" endtime="20221009 17:03:19.055"/>
</kw>
<status status="PASS" starttime="20221009 17:03:18.971" endtime="20221009 17:03:19.055"/>
</kw>
<status status="PASS" starttime="20221009 17:03:18.970" endtime="20221009 17:03:19.055"/>
</kw>
<kw name="Click Submit Button" library="Login_keywords">
<kw name="Wait Until Keyword Succeeds" library="BuiltIn">
<arg>4x</arg>
<arg>3</arg>
<arg>Click Element</arg>
<arg>${submit_loc}</arg>
<doc>Runs the specified keyword and retries if it fails.</doc>
<kw name="Click Element" library="SeleniumLibrary">
<arg>${submit_loc}</arg>
<doc>Click the element identified by ``locator``.</doc>
<msg timestamp="20221009 17:03:19.056" level="INFO">Clicking element '//input[@type="submit"]'.</msg>
<status status="PASS" starttime="20221009 17:03:19.056" endtime="20221009 17:03:19.602"/>
</kw>
<status status="PASS" starttime="20221009 17:03:19.056" endtime="20221009 17:03:19.603"/>
</kw>
<kw name="Sleep" library="BuiltIn">
<arg>3</arg>
<doc>Pauses the test executed for the given time.</doc>
<msg timestamp="20221009 17:03:22.613" level="INFO">Slept 3 seconds</msg>
<status status="PASS" starttime="20221009 17:03:19.603" endtime="20221009 17:03:22.613"/>
</kw>
<status status="PASS" starttime="20221009 17:03:19.056" endtime="20221009 17:03:22.615"/>
</kw>
<kw name="Verify Login Page Is Open" library="Login_keywords">
<kw name="Wait Until Keyword Succeeds" library="BuiltIn">
<arg>4x</arg>
<arg>3</arg>
<arg>Element Should Be Visible</arg>
<arg>//h1[contains(text(),'Log In')]</arg>
<doc>Runs the specified keyword and retries if it fails.</doc>
<kw name="Element Should Be Visible" library="SeleniumLibrary">
<arg>//h1[contains(text(),'Log In')]</arg>
<doc>Verifies that the element identified by ``locator`` is visible.</doc>
<msg timestamp="20221009 17:03:22.661" level="INFO">Element '//h1[contains(text(),'Log In')]' is displayed.</msg>
<status status="PASS" starttime="20221009 17:03:22.616" endtime="20221009 17:03:22.661"/>
</kw>
<status status="PASS" starttime="20221009 17:03:22.616" endtime="20221009 17:03:22.661"/>
</kw>
<status status="PASS" starttime="20221009 17:03:22.615" endtime="20221009 17:03:22.661"/>
</kw>
<kw name="Close Browser" library="SeleniumLibrary" type="TEARDOWN">
<doc>Closes the current browser.</doc>
<status status="PASS" starttime="20221009 17:03:22.661" endtime="20221009 17:03:24.851"/>
</kw>
<doc>This test case is used to Register User In Demo App</doc>
<status status="PASS" starttime="20221009 17:03:14.640" endtime="20221009 17:03:24.852"/>
</test>
<test id="s1-t2" name="Verifying User After Registering In Demo App" line="24">
<kw name="Launch Demo App" library="commonkeywords">
<kw name="Get Driver Path With Browser" library="getdriverpath">
<var>${driver_path}</var>
<arg>${browser_name}</arg>
<msg timestamp="20221009 17:03:24.858" level="INFO">====== WebDriver manager ======</msg>
<msg timestamp="20221009 17:03:25.750" level="INFO">Get LATEST chromedriver version for google-chrome 106.0.5249</msg>
<msg timestamp="20221009 17:03:26.778" level="INFO">Driver [C:\Users\banual\.wdm\drivers\chromedriver\win32\106.0.5249\chromedriver.exe] found in cache</msg>
<msg timestamp="20221009 17:03:26.778" level="INFO">C:\Users\banual\.wdm\drivers\chromedriver\win32\106.0.5249\chromedriver.exe</msg>
<msg timestamp="20221009 17:03:26.778" level="INFO">${driver_path} = C:\Users\banual\.wdm\drivers\chromedriver\win32\106.0.5249\chromedriver.exe</msg>
<status status="PASS" starttime="20221009 17:03:24.858" endtime="20221009 17:03:26.778"/>
</kw>
<kw name="Create Webdriver" library="SeleniumLibrary">
<arg>${browser_name}</arg>
<arg>executable_path=${driver_path}</arg>
<doc>Creates an instance of Selenium WebDriver.</doc>
<msg timestamp="20221009 17:03:26.779" level="INFO">Creating an instance of the Chrome WebDriver.</msg>
<status status="PASS" starttime="20221009 17:03:26.778" endtime="20221009 17:03:28.161"/>
</kw>
<kw name="Go To" library="SeleniumLibrary">
<arg>${server_url}</arg>
<doc>Navigates the current browser window to the provided ``url``.</doc>
<msg timestamp="20221009 17:03:28.162" level="INFO">Opening url 'http://127.0.0.1:8080/'</msg>
<status status="PASS" starttime="20221009 17:03:28.161" endtime="20221009 17:03:28.274"/>
</kw>
<status status="PASS" starttime="20221009 17:03:24.858" endtime="20221009 17:03:28.275"/>
</kw>
<kw name="Verify Demo app Is Launced" library="Login_keywords">
<kw name="Wait Until Keyword Succeeds" library="BuiltIn">
<arg>4x</arg>
<arg>3</arg>
<arg>Element Should Be Visible</arg>
<arg>//a[contains(text(),'Demo app')]</arg>
<doc>Runs the specified keyword and retries if it fails.</doc>
<kw name="Element Should Be Visible" library="SeleniumLibrary">
<arg>//a[contains(text(),'Demo app')]</arg>
<doc>Verifies that the element identified by ``locator`` is visible.</doc>
<msg timestamp="20221009 17:03:28.321" level="INFO">Element '//a[contains(text(),'Demo app')]' is displayed.</msg>
<status status="PASS" starttime="20221009 17:03:28.278" endtime="20221009 17:03:28.321"/>
</kw>
<status status="PASS" starttime="20221009 17:03:28.277" endtime="20221009 17:03:28.321"/>
</kw>
<status status="PASS" starttime="20221009 17:03:28.276" endtime="20221009 17:03:28.321"/>
</kw>
<kw name="Click On LogIn Link" library="Login_keywords">
<kw name="Click Link" library="SeleniumLibrary">
<arg>Log In</arg>
<doc>Clicks a link identified by ``locator``.</doc>
<msg timestamp="20221009 17:03:28.321" level="INFO">Clicking link 'Log In'.</msg>
<status status="PASS" starttime="20221009 17:03:28.321" endtime="20221009 17:03:28.415"/>
</kw>
<status status="PASS" starttime="20221009 17:03:28.321" endtime="20221009 17:03:28.415"/>
</kw>
<kw name="Verify Login Page Is Open" library="Login_keywords">
<kw name="Wait Until Keyword Succeeds" library="BuiltIn">
<arg>4x</arg>
<arg>3</arg>
<arg>Element Should Be Visible</arg>
<arg>//h1[contains(text(),'Log In')]</arg>
<doc>Runs the specified keyword and retries if it fails.</doc>
<kw name="Element Should Be Visible" library="SeleniumLibrary">
<arg>//h1[contains(text(),'Log In')]</arg>
<doc>Verifies that the element identified by ``locator`` is visible.</doc>
<msg timestamp="20221009 17:03:28.450" level="INFO">Element '//h1[contains(text(),'Log In')]' is displayed.</msg>
<status status="PASS" starttime="20221009 17:03:28.417" endtime="20221009 17:03:28.450"/>
</kw>
<status status="PASS" starttime="20221009 17:03:28.416" endtime="20221009 17:03:28.451"/>
</kw>
<status status="PASS" starttime="20221009 17:03:28.416" endtime="20221009 17:03:28.451"/>
</kw>
<kw name="Input UserName" library="Login_keywords">
<kw name="Wait Until Keyword Succeeds" library="BuiltIn">
<arg>4x</arg>
<arg>3</arg>
<arg>Input Text</arg>
<arg>${username_loc}</arg>
<arg>${username}</arg>
<doc>Runs the specified keyword and retries if it fails.</doc>
<kw name="Input Text" library="SeleniumLibrary">
<arg>${username_loc}</arg>
<arg>${username}</arg>
<doc>Types the given ``text`` into the text field identified by ``locator``.</doc>
<msg timestamp="20221009 17:03:28.452" level="INFO">Typing text 'FChyXohX' into text field '//input[@name="username"]'.</msg>
<status status="PASS" starttime="20221009 17:03:28.452" endtime="20221009 17:03:28.543"/>
</kw>
<status status="PASS" starttime="20221009 17:03:28.452" endtime="20221009 17:03:28.543"/>
</kw>
<status status="PASS" starttime="20221009 17:03:28.451" endtime="20221009 17:03:28.543"/>
</kw>
<kw name="Input Password" library="Login_keywords">
<kw name="Wait Until Keyword Succeeds" library="BuiltIn">
<arg>4x</arg>
<arg>3</arg>
<arg>Input Text</arg>
<arg>${password_loc}</arg>
<arg>${password}</arg>
<doc>Runs the specified keyword and retries if it fails.</doc>
<kw name="Input Text" library="SeleniumLibrary">
<arg>${password_loc}</arg>
<arg>${password}</arg>
<doc>Types the given ``text`` into the text field identified by ``locator``.</doc>
<msg timestamp="20221009 17:03:28.544" level="INFO">Typing text 'vMHm0N7r' into text field '//input[@name="password"]'.</msg>
<status status="PASS" starttime="20221009 17:03:28.544" endtime="20221009 17:03:28.632"/>
</kw>
<status status="PASS" starttime="20221009 17:03:28.544" endtime="20221009 17:03:28.632"/>
</kw>
<status status="PASS" starttime="20221009 17:03:28.543" endtime="20221009 17:03:28.632"/>
</kw>
<kw name="Click Submit Button" library="Login_keywords">
<kw name="Wait Until Keyword Succeeds" library="BuiltIn">
<arg>4x</arg>
<arg>3</arg>
<arg>Click Element</arg>
<arg>${submit_loc}</arg>
<doc>Runs the specified keyword and retries if it fails.</doc>
<kw name="Click Element" library="SeleniumLibrary">
<arg>${submit_loc}</arg>
<doc>Click the element identified by ``locator``.</doc>
<msg timestamp="20221009 17:03:28.633" level="INFO">Clicking element '//input[@type="submit"]'.</msg>
<status status="PASS" starttime="20221009 17:03:28.633" endtime="20221009 17:03:29.188"/>
</kw>
<status status="PASS" starttime="20221009 17:03:28.633" endtime="20221009 17:03:29.188"/>
</kw>
<kw name="Sleep" library="BuiltIn">
<arg>3</arg>
<doc>Pauses the test executed for the given time.</doc>
<msg timestamp="20221009 17:03:32.190" level="INFO">Slept 3 seconds</msg>
<status status="PASS" starttime="20221009 17:03:29.188" endtime="20221009 17:03:32.190"/>
</kw>
<status status="PASS" starttime="20221009 17:03:28.633" endtime="20221009 17:03:32.190"/>
</kw>
<kw name="Verify Username" library="verification">
<kw name="Get Text" library="SeleniumLibrary">
<var>${username_form}</var>
<arg>${table_username}</arg>
<doc>Returns the text value of the element identified by ``locator``.</doc>
<msg timestamp="20221009 17:03:32.220" level="INFO">${username_form} = FChyXohX</msg>
<status status="PASS" starttime="20221009 17:03:32.190" endtime="20221009 17:03:32.220"/>
</kw>
<kw name="Should Be Equal As Strings" library="BuiltIn">
<arg>${username_form}</arg>
<arg>${username}</arg>
<doc>Fails if objects are unequal after converting them to strings.</doc>
<status status="PASS" starttime="20221009 17:03:32.220" endtime="20221009 17:03:32.220"/>
</kw>
<status status="PASS" starttime="20221009 17:03:32.190" endtime="20221009 17:03:32.221"/>
</kw>
<kw name="Verify FirstName" library="verification">
<kw name="Get Text" library="SeleniumLibrary">
<var>${firstname_form}</var>
<arg>${table_firstname}</arg>
<doc>Returns the text value of the element identified by ``locator``.</doc>
<msg timestamp="20221009 17:03:32.242" level="INFO">${firstname_form} = w4hUWejl</msg>
<status status="PASS" starttime="20221009 17:03:32.221" endtime="20221009 17:03:32.242"/>
</kw>
<kw name="Should Be Equal As Strings" library="BuiltIn">
<arg>${firstname_form}</arg>
<arg>${firstname}</arg>
<doc>Fails if objects are unequal after converting them to strings.</doc>
<status status="PASS" starttime="20221009 17:03:32.242" endtime="20221009 17:03:32.242"/>
</kw>
<status status="PASS" starttime="20221009 17:03:32.221" endtime="20221009 17:03:32.243"/>
</kw>
<kw name="Verify FamilyName" library="verification">
<kw name="Get Text" library="SeleniumLibrary">
<var>${lastname_form}</var>
<arg>${table_lastname}</arg>
<doc>Returns the text value of the element identified by ``locator``.</doc>
<msg timestamp="20221009 17:03:32.264" level="INFO">${lastname_form} = ubifVj7T</msg>
<status status="PASS" starttime="20221009 17:03:32.244" endtime="20221009 17:03:32.264"/>
</kw>
<kw name="Should Be Equal As Strings" library="BuiltIn">
<arg>${lastname_form}</arg>
<arg>${lastname}</arg>
<doc>Fails if objects are unequal after converting them to strings.</doc>
<status status="PASS" starttime="20221009 17:03:32.264" endtime="20221009 17:03:32.264"/>
</kw>
<status status="PASS" starttime="20221009 17:03:32.243" endtime="20221009 17:03:32.264"/>
</kw>
<kw name="Verify Phone" library="verification">
<kw name="Get Text" library="SeleniumLibrary">
<var>${phone_form}</var>
<arg>${table_phone}</arg>
<doc>Returns the text value of the element identified by ``locator``.</doc>
<msg timestamp="20221009 17:03:32.284" level="INFO">${phone_form} = 9322864964</msg>
<status status="PASS" starttime="20221009 17:03:32.265" endtime="20221009 17:03:32.284"/>
</kw>
<kw name="Should Be Equal As Strings" library="BuiltIn">
<arg>${phone_form}</arg>
<arg>${phone}</arg>
<doc>Fails if objects are unequal after converting them to strings.</doc>
<status status="PASS" starttime="20221009 17:03:32.284" endtime="20221009 17:03:32.284"/>
</kw>
<status status="PASS" starttime="20221009 17:03:32.265" endtime="20221009 17:03:32.285"/>
</kw>
<kw name="Click Log Out Link" library="Login_keywords">
<kw name="Click Link" library="SeleniumLibrary">
<arg>Log Out</arg>
<doc>Clicks a link identified by ``locator``.</doc>
<msg timestamp="20221009 17:03:32.286" level="INFO">Clicking link 'Log Out'.</msg>
<status status="PASS" starttime="20221009 17:03:32.286" endtime="20221009 17:03:32.372"/>
</kw>
<status status="PASS" starttime="20221009 17:03:32.285" endtime="20221009 17:03:32.373"/>
</kw>
<kw name="Verify Log Out Successful" library="Login_keywords">
<kw name="Wait Until Keyword Succeeds" library="BuiltIn">
<arg>4x</arg>
<arg>3</arg>
<arg>Element Should Not Be Visible</arg>
<arg>//a[contains(text(),'Log Out')]</arg>
<doc>Runs the specified keyword and retries if it fails.</doc>
<kw name="Element Should Not Be Visible" library="SeleniumLibrary">
<arg>//a[contains(text(),'Log Out')]</arg>
<doc>Verifies that the element identified by ``locator`` is NOT visible.</doc>
<msg timestamp="20221009 17:03:32.392" level="INFO">Element '//a[contains(text(),'Log Out')]' did not exist.</msg>
<status status="PASS" starttime="20221009 17:03:32.375" endtime="20221009 17:03:32.392"/>
</kw>
<status status="PASS" starttime="20221009 17:03:32.374" endtime="20221009 17:03:32.392"/>
</kw>
<status status="PASS" starttime="20221009 17:03:32.373" endtime="20221009 17:03:32.393"/>
</kw>
<kw name="Close Browser" library="SeleniumLibrary" type="TEARDOWN">
<doc>Closes the current browser.</doc>
<status status="PASS" starttime="20221009 17:03:32.393" endtime="20221009 17:03:34.568"/>
</kw>
<doc>This Test case is to verify User has been successfully registered</doc>
<status status="PASS" starttime="20221009 17:03:24.857" endtime="20221009 17:03:34.569"/>
</test>
<status status="PASS" starttime="20221009 17:03:14.317" endtime="20221009 17:03:34.573"/>
</suite>
<statistics>
<total>
<stat pass="2" fail="0" skip="0">All Tests</stat>
</total>
<tag>
</tag>
<suite>
<stat pass="2" fail="0" skip="0" id="s1" name="User Registration Verification">User Registration Verification</stat>
</suite>
</statistics>
<errors>
</errors>
</robot>
